<testsuites id="" name="" tests="1" failures="0" skipped="0" errors="0" time="12.259871">
<testsuite name="evaluation.spec.ts" timestamp="2025-08-15T14:45:47.378Z" hostname="chromium" tests="1" failures="0" skipped="0" time="7.591" errors="0">
<testcase name="Evaluation System › Create new evaluation task successfully" classname="evaluation.spec.ts" time="7.591">
<system-out>
<![CDATA[API Request: GET http://localhost:8001/api/v1/evaluations/?skip=0&limit=10
API Request: GET http://localhost:8001/api/v1/evaluations/?skip=0&limit=10
API Request: GET http://localhost:8001/api/v1/models/?is_active=true
Mock: Intercepting models request: http://localhost:8001/api/v1/models/?is_active=true
API Request: GET http://localhost:8001/api/v1/models/?is_active=true
Mock: Intercepting models request: http://localhost:8001/api/v1/models/?is_active=true
API Response: [33m200[39m http://localhost:8001/api/v1/models/?is_active=true
API Response: [33m200[39m http://localhost:8001/api/v1/models/?is_active=true
API Request: GET http://localhost:8001/api/v1/artworks/
API Request: GET http://localhost:8001/api/v1/models/
Mock: Intercepting models request: http://localhost:8001/api/v1/models/
API Response: [33m200[39m http://localhost:8001/api/v1/models/
Found 3 model options
API Request: POST http://localhost:8001/api/v1/evaluations/
]]>
</system-out>
</testcase>
</testsuite>
</testsuites>