<testsuites id="" name="" tests="3" failures="0" skipped="0" errors="0" time="20.966463">
<testsuite name="ai-models.spec.ts" timestamp="2025-08-15T10:14:57.691Z" hostname="chromium" tests="1" failures="0" skipped="0" time="6.217" errors="0">
<testcase name="AI Models Leaderboard › 应该显示AI模型排行榜" classname="ai-models.spec.ts" time="6.217">
</testcase>
</testsuite>
<testsuite name="auth.spec.ts" timestamp="2025-08-15T10:14:57.691Z" hostname="chromium" tests="2" failures="0" skipped="0" time="9.668" errors="0">
<testcase name="Authentication Flow › Logout functionality clears authentication" classname="auth.spec.ts" time="5.298">
<system-out>
<![CDATA[Auth API response: http://localhost:5173/src/components/auth/LoginPrompt.tsx [33m200[39m
Response body: import { createHotContext as __vite__createHotContext } from "/@vite/client";import.meta.hot = __vite__createHotContext("/src/components/auth/LoginPrompt.tsx");import __vite__cjsImport0_react_jsxDevRu
Auth API response: http://localhost:5173/login [33m200[39m
Response body: <!doctype html>
<html lang="en">
  <head>
    <script type="module">import { injectIntoGlobalHook } from "/@react-refresh";
injectIntoGlobalHook(window);
window.$RefreshReg$ = () => {};
window.$Refr
Auth API response: http://localhost:5173/src/components/auth/LoginPrompt.tsx [33m200[39m
Response body: import { createHotContext as __vite__createHotContext } from "/@vite/client";import.meta.hot = __vite__createHotContext("/src/components/auth/LoginPrompt.tsx");import __vite__cjsImport0_react_jsxDevRu
Mock: Intercepting login request to: http://localhost:8001/api/v1/auth/login
Login request data: username=demo&password=demo123
Login credentials: demo [REDACTED]
Mock: Sending successful login response
Auth API response: http://localhost:8001/api/v1/auth/login [33m200[39m
Response body: {"access_token":"mock-jwt-token-1755252909503","token_type":"bearer"}
Token after logout: CLEARED
Auth API response: http://localhost:5173/login [33m200[39m
Response body: <!doctype html>
<html lang="en">
  <head>
    <script type="module">import { injectIntoGlobalHook } from "/@react-refresh";
injectIntoGlobalHook(window);
window.$RefreshReg$ = () => {};
window.$Refr
Auth API response: http://localhost:5173/src/components/auth/LoginPrompt.tsx [33m200[39m
Response body: import { createHotContext as __vite__createHotContext } from "/@vite/client";import.meta.hot = __vite__createHotContext("/src/components/auth/LoginPrompt.tsx");import __vite__cjsImport0_react_jsxDevRu
✅ Logout functionality verified: token cleared and can access login page
]]>
</system-out>
</testcase>
<testcase name="Authentication Flow › Guest session respects daily usage limits" classname="auth.spec.ts" time="4.37">
<system-out>
<![CDATA[Auth API response: http://localhost:5173/src/components/auth/LoginPrompt.tsx [33m200[39m
Response body: import { createHotContext as __vite__createHotContext } from "/@vite/client";import.meta.hot = __vite__createHotContext("/src/components/auth/LoginPrompt.tsx");import __vite__cjsImport0_react_jsxDevRu
✅ Guest session functionality verified: data storage works correctly
]]>
</system-out>
</testcase>
</testsuite>
</testsuites>