<testsuites id="" name="" tests="1" failures="1" skipped="0" errors="0" time="56.382805999999995">
<testsuite name="evaluation.spec.ts" timestamp="2025-08-15T14:04:51.429Z" hostname="chromium" tests="1" failures="1" skipped="0" time="37.717" errors="0">
<testcase name="Evaluation System › Create new evaluation task successfully" classname="evaluation.spec.ts" time="37.717">
<failure message="evaluation.spec.ts:120:3 Create new evaluation task successfully" type="FAILURE">
<![CDATA[  [chromium] › evaluation.spec.ts:120:3 › Evaluation System › Create new evaluation task successfully 

    TimeoutError: locator.selectOption: Timeout 15000ms exceeded.
    Call log:
      - waiting for locator('.fixed.inset-0 form select, .modal form select, [role="dialog"] form select').first()
        - locator resolved to <select class="w-full px-4 py-2 border border-gray-300 rounded-lg focus:outline-none focus:ring-2 focus:ring-purple-500">…</select>
      - attempting select option action
        2 × waiting for element to be visible and enabled
          - did not find some options
        - retrying select option action
        - waiting 20ms
        2 × waiting for element to be visible and enabled
          - did not find some options
        - retrying select option action
          - waiting 100ms
        29 × waiting for element to be visible and enabled
           - did not find some options
         - retrying select option action
           - waiting 500ms


      124 |     // Fill in evaluation form
      125 |     const task = TEST_EVALUATION_TASKS.poetry;
    > 126 |     await evaluationPage.modelSelect.selectOption(TEST_MODELS.model1.id);
          |                                      ^
      127 |     await evaluationPage.taskTypeSelect.selectOption(task.type);
      128 |     await evaluationPage.promptTextarea.fill(task.prompt);
      129 |     
        at I:\website\wenxin-moyun\tests\e2e\specs\evaluation.spec.ts:126:38

    attachment #1: screenshot (image/png) ──────────────────────────────────────────────────────────
    ..\..\..\test-results\evaluation-Evaluation-Syst-449a7-valuation-task-successfully-chromium\test-failed-1.png
    ────────────────────────────────────────────────────────────────────────────────────────────────

    attachment #2: video (video/webm) ──────────────────────────────────────────────────────────────
    ..\..\..\test-results\evaluation-Evaluation-Syst-449a7-valuation-task-successfully-chromium\video.webm
    ────────────────────────────────────────────────────────────────────────────────────────────────

    Error Context: ..\..\..\test-results\evaluation-Evaluation-Syst-449a7-valuation-task-successfully-chromium\error-context.md

    attachment #4: trace (application/zip) ─────────────────────────────────────────────────────────
    ..\..\..\test-results\evaluation-Evaluation-Syst-449a7-valuation-task-successfully-chromium\trace.zip
    Usage:

        npx playwright show-trace ..\..\..\test-results\evaluation-Evaluation-Syst-449a7-valuation-task-successfully-chromium\trace.zip

    ────────────────────────────────────────────────────────────────────────────────────────────────

    Retry #1 ───────────────────────────────────────────────────────────────────────────────────────

    TimeoutError: locator.selectOption: Timeout 15000ms exceeded.
    Call log:
      - waiting for locator('.fixed.inset-0 form select, .modal form select, [role="dialog"] form select').first()
        - locator resolved to <select class="w-full px-4 py-2 border border-gray-300 rounded-lg focus:outline-none focus:ring-2 focus:ring-purple-500">…</select>
      - attempting select option action
        2 × waiting for element to be visible and enabled
          - did not find some options
        - retrying select option action
        - waiting 20ms
        2 × waiting for element to be visible and enabled
          - did not find some options
        - retrying select option action
          - waiting 100ms
        29 × waiting for element to be visible and enabled
           - did not find some options
         - retrying select option action
           - waiting 500ms


      124 |     // Fill in evaluation form
      125 |     const task = TEST_EVALUATION_TASKS.poetry;
    > 126 |     await evaluationPage.modelSelect.selectOption(TEST_MODELS.model1.id);
          |                                      ^
      127 |     await evaluationPage.taskTypeSelect.selectOption(task.type);
      128 |     await evaluationPage.promptTextarea.fill(task.prompt);
      129 |     
        at I:\website\wenxin-moyun\tests\e2e\specs\evaluation.spec.ts:126:38

    attachment #1: screenshot (image/png) ──────────────────────────────────────────────────────────
    ..\..\..\test-results\evaluation-Evaluation-Syst-449a7-valuation-task-successfully-chromium-retry1\test-failed-1.png
    ────────────────────────────────────────────────────────────────────────────────────────────────

    attachment #2: video (video/webm) ──────────────────────────────────────────────────────────────
    ..\..\..\test-results\evaluation-Evaluation-Syst-449a7-valuation-task-successfully-chromium-retry1\video.webm
    ────────────────────────────────────────────────────────────────────────────────────────────────

    Error Context: ..\..\..\test-results\evaluation-Evaluation-Syst-449a7-valuation-task-successfully-chromium-retry1\error-context.md

    attachment #4: trace (application/zip) ─────────────────────────────────────────────────────────
    ..\..\..\test-results\evaluation-Evaluation-Syst-449a7-valuation-task-successfully-chromium-retry1\trace.zip
    Usage:

        npx playwright show-trace ..\..\..\test-results\evaluation-Evaluation-Syst-449a7-valuation-task-successfully-chromium-retry1\trace.zip

    ────────────────────────────────────────────────────────────────────────────────────────────────
]]>
</failure>
<system-out>
<![CDATA[API Request: GET http://localhost:8001/api/v1/evaluations/?skip=0&limit=10
API Request: GET http://localhost:8001/api/v1/evaluations/?skip=0&limit=10
API Request: GET http://localhost:8001/api/v1/models/?is_active=true
Mock: Intercepting models request: http://localhost:8001/api/v1/models/?is_active=true
API Request: GET http://localhost:8001/api/v1/models/?is_active=true
Mock: Intercepting models request: http://localhost:8001/api/v1/models/?is_active=true
API Response: [33m200[39m http://localhost:8001/api/v1/models/?is_active=true
API Response: [33m200[39m http://localhost:8001/api/v1/models/?is_active=true
API Request: GET http://localhost:8001/api/v1/artworks/
API Request: GET http://localhost:8001/api/v1/models/
Mock: Intercepting models request: http://localhost:8001/api/v1/models/
API Response: [33m200[39m http://localhost:8001/api/v1/models/

[[ATTACHMENT|..\..\test-results\evaluation-Evaluation-Syst-449a7-valuation-task-successfully-chromium\test-failed-1.png]]

[[ATTACHMENT|..\..\test-results\evaluation-Evaluation-Syst-449a7-valuation-task-successfully-chromium\video.webm]]

[[ATTACHMENT|..\..\test-results\evaluation-Evaluation-Syst-449a7-valuation-task-successfully-chromium\error-context.md]]

[[ATTACHMENT|..\..\test-results\evaluation-Evaluation-Syst-449a7-valuation-task-successfully-chromium\trace.zip]]
API Request: GET http://localhost:8001/api/v1/evaluations/?skip=0&limit=10
API Request: GET http://localhost:8001/api/v1/evaluations/?skip=0&limit=10
API Request: GET http://localhost:8001/api/v1/models/?is_active=true
Mock: Intercepting models request: http://localhost:8001/api/v1/models/?is_active=true
API Request: GET http://localhost:8001/api/v1/models/?is_active=true
Mock: Intercepting models request: http://localhost:8001/api/v1/models/?is_active=true
API Response: [33m200[39m http://localhost:8001/api/v1/models/?is_active=true
API Response: [33m200[39m http://localhost:8001/api/v1/models/?is_active=true
API Request: GET http://localhost:8001/api/v1/artworks/
API Request: GET http://localhost:8001/api/v1/models/
Mock: Intercepting models request: http://localhost:8001/api/v1/models/
API Response: [33m200[39m http://localhost:8001/api/v1/models/

[[ATTACHMENT|..\..\test-results\evaluation-Evaluation-Syst-449a7-valuation-task-successfully-chromium-retry1\test-failed-1.png]]

[[ATTACHMENT|..\..\test-results\evaluation-Evaluation-Syst-449a7-valuation-task-successfully-chromium-retry1\video.webm]]

[[ATTACHMENT|..\..\test-results\evaluation-Evaluation-Syst-449a7-valuation-task-successfully-chromium-retry1\error-context.md]]

[[ATTACHMENT|..\..\test-results\evaluation-Evaluation-Syst-449a7-valuation-task-successfully-chromium-retry1\trace.zip]]
]]>
</system-out>
</testcase>
</testsuite>
</testsuites>