<testsuites id="" name="" tests="5" failures="5" skipped="0" errors="0" time="47.435048">
<testsuite name="navigation.spec.ts" timestamp="2025-08-15T08:03:08.137Z" hostname="chromium" tests="1" failures="1" skipped="0" time="13.529" errors="0">
<testcase name="Navigation System › 404 page handling for invalid routes" classname="navigation.spec.ts" time="13.529">
<failure message="navigation.spec.ts:85:3 404 page handling for invalid routes" type="FAILURE">
<![CDATA[  [chromium] › navigation.spec.ts:85:3 › Navigation System › 404 page handling for invalid routes ──

    Error: expect.toBeVisible: Error: strict mode violation: locator('text=/404|页面不存在|Page not found|Not found|Error|Cannot find/i').or(locator('h1:has-text("404")')).or(locator('.error-page')) resolved to 2 elements:
        1) <h1 class="text-4xl font-bold text-gray-800 dark:text-gray-200">404</h1> aka getByRole('heading', { name: '404' })
        2) <h2 class="text-xl font-semibold text-gray-700 dark:text-gray-300">Page Not Found</h2> aka getByRole('heading', { name: 'Page Not Found' })

    Call log:
      - Expect "toBeVisible" with timeout 5000ms
      - waiting for locator('text=/404|页面不存在|Page not found|Not found|Error|Cannot find/i').or(locator('h1:has-text("404")')).or(locator('.error-page'))


      91 |       .or(page.locator('h1:has-text("404")'))
      92 |       .or(page.locator('.error-page'));
    > 93 |     await expect(notFoundMessage).toBeVisible({ timeout: 5000 });
         |                                   ^
      94 |     
      95 |     // Should have link back to home
      96 |     const homeLink = page.locator('a:has-text("首页")')
        at I:\website\wenxin-moyun\tests\e2e\specs\navigation.spec.ts:93:35

    attachment #1: screenshot (image/png) ──────────────────────────────────────────────────────────
    ..\..\..\test-results\navigation-Navigation-Syst-2df2a-handling-for-invalid-routes-chromium\test-failed-1.png
    ────────────────────────────────────────────────────────────────────────────────────────────────

    attachment #2: video (video/webm) ──────────────────────────────────────────────────────────────
    ..\..\..\test-results\navigation-Navigation-Syst-2df2a-handling-for-invalid-routes-chromium\video.webm
    ────────────────────────────────────────────────────────────────────────────────────────────────

    Error Context: ..\..\..\test-results\navigation-Navigation-Syst-2df2a-handling-for-invalid-routes-chromium\error-context.md
]]>
</failure>
<system-out>
<![CDATA[
[[ATTACHMENT|..\..\test-results\navigation-Navigation-Syst-2df2a-handling-for-invalid-routes-chromium\test-failed-1.png]]

[[ATTACHMENT|..\..\test-results\navigation-Navigation-Syst-2df2a-handling-for-invalid-routes-chromium\video.webm]]

[[ATTACHMENT|..\..\test-results\navigation-Navigation-Syst-2df2a-handling-for-invalid-routes-chromium\error-context.md]]
]]>
</system-out>
</testcase>
</testsuite>
<testsuite name="navigation.spec.ts" timestamp="2025-08-15T08:03:08.137Z" hostname="firefox" tests="1" failures="1" skipped="0" time="13.215" errors="0">
<testcase name="Navigation System › 404 page handling for invalid routes" classname="navigation.spec.ts" time="13.215">
<failure message="navigation.spec.ts:85:3 404 page handling for invalid routes" type="FAILURE">
<![CDATA[  [firefox] › navigation.spec.ts:85:3 › Navigation System › 404 page handling for invalid routes ───

    Error: expect.toBeVisible: Error: strict mode violation: locator('text=/404|页面不存在|Page not found|Not found|Error|Cannot find/i').or(locator('h1:has-text("404")')).or(locator('.error-page')) resolved to 2 elements:
        1) <h1 class="text-4xl font-bold text-gray-800 dark:text-gray-200">404</h1> aka getByRole('heading', { name: '404' })
        2) <h2 class="text-xl font-semibold text-gray-700 dark:text-gray-300">Page Not Found</h2> aka getByRole('heading', { name: 'Page Not Found' })

    Call log:
      - Expect "toBeVisible" with timeout 5000ms
      - waiting for locator('text=/404|页面不存在|Page not found|Not found|Error|Cannot find/i').or(locator('h1:has-text("404")')).or(locator('.error-page'))


      91 |       .or(page.locator('h1:has-text("404")'))
      92 |       .or(page.locator('.error-page'));
    > 93 |     await expect(notFoundMessage).toBeVisible({ timeout: 5000 });
         |                                   ^
      94 |     
      95 |     // Should have link back to home
      96 |     const homeLink = page.locator('a:has-text("首页")')
        at I:\website\wenxin-moyun\tests\e2e\specs\navigation.spec.ts:93:35

    attachment #1: screenshot (image/png) ──────────────────────────────────────────────────────────
    ..\..\..\test-results\navigation-Navigation-Syst-2df2a-handling-for-invalid-routes-firefox\test-failed-1.png
    ────────────────────────────────────────────────────────────────────────────────────────────────

    attachment #2: video (video/webm) ──────────────────────────────────────────────────────────────
    ..\..\..\test-results\navigation-Navigation-Syst-2df2a-handling-for-invalid-routes-firefox\video.webm
    ────────────────────────────────────────────────────────────────────────────────────────────────

    Error Context: ..\..\..\test-results\navigation-Navigation-Syst-2df2a-handling-for-invalid-routes-firefox\error-context.md
]]>
</failure>
<system-out>
<![CDATA[
[[ATTACHMENT|..\..\test-results\navigation-Navigation-Syst-2df2a-handling-for-invalid-routes-firefox\test-failed-1.png]]

[[ATTACHMENT|..\..\test-results\navigation-Navigation-Syst-2df2a-handling-for-invalid-routes-firefox\video.webm]]

[[ATTACHMENT|..\..\test-results\navigation-Navigation-Syst-2df2a-handling-for-invalid-routes-firefox\error-context.md]]
]]>
</system-out>
</testcase>
</testsuite>
<testsuite name="navigation.spec.ts" timestamp="2025-08-15T08:03:08.137Z" hostname="webkit" tests="1" failures="1" skipped="0" time="40.189" errors="0">
<testcase name="Navigation System › 404 page handling for invalid routes" classname="navigation.spec.ts" time="40.189">
<failure message="navigation.spec.ts:85:3 404 page handling for invalid routes" type="FAILURE">
<![CDATA[  [webkit] › navigation.spec.ts:85:3 › Navigation System › 404 page handling for invalid routes ────

    Error: expect.toBeVisible: Error: strict mode violation: locator('text=/404|页面不存在|Page not found|Not found|Error|Cannot find/i').or(locator('h1:has-text("404")')).or(locator('.error-page')) resolved to 2 elements:
        1) <h1 class="text-4xl font-bold text-gray-800 dark:text-gray-200">404</h1> aka getByRole('heading', { name: '404' })
        2) <h2 class="text-xl font-semibold text-gray-700 dark:text-gray-300">Page Not Found</h2> aka getByRole('heading', { name: 'Page Not Found' })

    Call log:
      - Expect "toBeVisible" with timeout 5000ms
      - waiting for locator('text=/404|页面不存在|Page not found|Not found|Error|Cannot find/i').or(locator('h1:has-text("404")')).or(locator('.error-page'))


      91 |       .or(page.locator('h1:has-text("404")'))
      92 |       .or(page.locator('.error-page'));
    > 93 |     await expect(notFoundMessage).toBeVisible({ timeout: 5000 });
         |                                   ^
      94 |     
      95 |     // Should have link back to home
      96 |     const homeLink = page.locator('a:has-text("首页")')
        at I:\website\wenxin-moyun\tests\e2e\specs\navigation.spec.ts:93:35

    attachment #1: video (video/webm) ──────────────────────────────────────────────────────────────
    ..\..\..\test-results\navigation-Navigation-Syst-2df2a-handling-for-invalid-routes-webkit\video.webm
    ────────────────────────────────────────────────────────────────────────────────────────────────
]]>
</failure>
<system-out>
<![CDATA[
[[ATTACHMENT|..\..\test-results\navigation-Navigation-Syst-2df2a-handling-for-invalid-routes-webkit\video.webm]]
]]>
</system-out>
</testcase>
</testsuite>
<testsuite name="navigation.spec.ts" timestamp="2025-08-15T08:03:08.137Z" hostname="mobile-chrome" tests="1" failures="1" skipped="0" time="13.168" errors="0">
<testcase name="Navigation System › 404 page handling for invalid routes" classname="navigation.spec.ts" time="13.168">
<failure message="navigation.spec.ts:85:3 404 page handling for invalid routes" type="FAILURE">
<![CDATA[  [mobile-chrome] › navigation.spec.ts:85:3 › Navigation System › 404 page handling for invalid routes 

    Error: expect.toBeVisible: Error: strict mode violation: locator('text=/404|页面不存在|Page not found|Not found|Error|Cannot find/i').or(locator('h1:has-text("404")')).or(locator('.error-page')) resolved to 2 elements:
        1) <h1 class="text-4xl font-bold text-gray-800 dark:text-gray-200">404</h1> aka getByRole('heading', { name: '404' })
        2) <h2 class="text-xl font-semibold text-gray-700 dark:text-gray-300">Page Not Found</h2> aka getByRole('heading', { name: 'Page Not Found' })

    Call log:
      - Expect "toBeVisible" with timeout 5000ms
      - waiting for locator('text=/404|页面不存在|Page not found|Not found|Error|Cannot find/i').or(locator('h1:has-text("404")')).or(locator('.error-page'))


      91 |       .or(page.locator('h1:has-text("404")'))
      92 |       .or(page.locator('.error-page'));
    > 93 |     await expect(notFoundMessage).toBeVisible({ timeout: 5000 });
         |                                   ^
      94 |     
      95 |     // Should have link back to home
      96 |     const homeLink = page.locator('a:has-text("首页")')
        at I:\website\wenxin-moyun\tests\e2e\specs\navigation.spec.ts:93:35

    attachment #1: screenshot (image/png) ──────────────────────────────────────────────────────────
    ..\..\..\test-results\navigation-Navigation-Syst-2df2a-handling-for-invalid-routes-mobile-chrome\test-failed-1.png
    ────────────────────────────────────────────────────────────────────────────────────────────────

    attachment #2: video (video/webm) ──────────────────────────────────────────────────────────────
    ..\..\..\test-results\navigation-Navigation-Syst-2df2a-handling-for-invalid-routes-mobile-chrome\video.webm
    ────────────────────────────────────────────────────────────────────────────────────────────────

    Error Context: ..\..\..\test-results\navigation-Navigation-Syst-2df2a-handling-for-invalid-routes-mobile-chrome\error-context.md
]]>
</failure>
<system-out>
<![CDATA[
[[ATTACHMENT|..\..\test-results\navigation-Navigation-Syst-2df2a-handling-for-invalid-routes-mobile-chrome\test-failed-1.png]]

[[ATTACHMENT|..\..\test-results\navigation-Navigation-Syst-2df2a-handling-for-invalid-routes-mobile-chrome\video.webm]]

[[ATTACHMENT|..\..\test-results\navigation-Navigation-Syst-2df2a-handling-for-invalid-routes-mobile-chrome\error-context.md]]
]]>
</system-out>
</testcase>
</testsuite>
<testsuite name="navigation.spec.ts" timestamp="2025-08-15T08:03:08.137Z" hostname="mobile-safari" tests="1" failures="1" skipped="0" time="22.031" errors="0">
<testcase name="Navigation System › 404 page handling for invalid routes" classname="navigation.spec.ts" time="22.031">
<failure message="navigation.spec.ts:85:3 404 page handling for invalid routes" type="FAILURE">
<![CDATA[  [mobile-safari] › navigation.spec.ts:85:3 › Navigation System › 404 page handling for invalid routes 

    Error: expect.toBeVisible: Error: strict mode violation: locator('text=/404|页面不存在|Page not found|Not found|Error|Cannot find/i').or(locator('h1:has-text("404")')).or(locator('.error-page')) resolved to 2 elements:
        1) <h1 class="text-4xl font-bold text-gray-800 dark:text-gray-200">404</h1> aka getByRole('heading', { name: '404' })
        2) <h2 class="text-xl font-semibold text-gray-700 dark:text-gray-300">Page Not Found</h2> aka getByRole('heading', { name: 'Page Not Found' })

    Call log:
      - Expect "toBeVisible" with timeout 5000ms
      - waiting for locator('text=/404|页面不存在|Page not found|Not found|Error|Cannot find/i').or(locator('h1:has-text("404")')).or(locator('.error-page'))


      91 |       .or(page.locator('h1:has-text("404")'))
      92 |       .or(page.locator('.error-page'));
    > 93 |     await expect(notFoundMessage).toBeVisible({ timeout: 5000 });
         |                                   ^
      94 |     
      95 |     // Should have link back to home
      96 |     const homeLink = page.locator('a:has-text("首页")')
        at I:\website\wenxin-moyun\tests\e2e\specs\navigation.spec.ts:93:35

    attachment #1: screenshot (image/png) ──────────────────────────────────────────────────────────
    ..\..\..\test-results\navigation-Navigation-Syst-2df2a-handling-for-invalid-routes-mobile-safari\test-failed-1.png
    ────────────────────────────────────────────────────────────────────────────────────────────────

    attachment #2: video (video/webm) ──────────────────────────────────────────────────────────────
    ..\..\..\test-results\navigation-Navigation-Syst-2df2a-handling-for-invalid-routes-mobile-safari\video.webm
    ────────────────────────────────────────────────────────────────────────────────────────────────

    Error Context: ..\..\..\test-results\navigation-Navigation-Syst-2df2a-handling-for-invalid-routes-mobile-safari\error-context.md
]]>
</failure>
<system-out>
<![CDATA[
[[ATTACHMENT|..\..\test-results\navigation-Navigation-Syst-2df2a-handling-for-invalid-routes-mobile-safari\test-failed-1.png]]

[[ATTACHMENT|..\..\test-results\navigation-Navigation-Syst-2df2a-handling-for-invalid-routes-mobile-safari\video.webm]]

[[ATTACHMENT|..\..\test-results\navigation-Navigation-Syst-2df2a-handling-for-invalid-routes-mobile-safari\error-context.md]]
]]>
</system-out>
</testcase>
</testsuite>
</testsuites>