<testsuites id="" name="" tests="3" failures="0" skipped="0" errors="0" time="22.810544999999998">
<testsuite name="auth.spec.ts" timestamp="2025-08-15T14:46:20.568Z" hostname="chromium" tests="1" failures="0" skipped="0" time="4.777" errors="0">
<testcase name="Authentication Flow › User can successfully login with valid credentials" classname="auth.spec.ts" time="4.777">
<system-out>
<![CDATA[Auth API response: http://localhost:5173/src/components/auth/LoginPrompt.tsx [33m200[39m
Response body: import { createHotContext as __vite__createHotContext } from "/@vite/client";import.meta.hot = __vite__createHotContext("/src/components/auth/LoginPrompt.tsx");import __vite__cjsImport0_react_jsxDevRu
Test: Starting login test with credentials: demo
Test: Navigating to login page
Auth API response: http://localhost:5173/login [33m200[39m
Response body: <!doctype html>
<html lang="en">
  <head>
    <script type="module">import { injectIntoGlobalHook } from "/@react-refresh";
injectIntoGlobalHook(window);
window.$RefreshReg$ = () => {};
window.$Refr
Auth API response: http://localhost:5173/src/components/auth/LoginPrompt.tsx [33m200[39m
Response body: import { createHotContext as __vite__createHotContext } from "/@vite/client";import.meta.hot = __vite__createHotContext("/src/components/auth/LoginPrompt.tsx");import __vite__cjsImport0_react_jsxDevRu
Test: Login form is visible
Test: Filling login form
Mock: Intercepting login request to: http://localhost:8001/api/v1/auth/login
Login request data: username=demo&password=demo123
Login credentials: demo [REDACTED]
Mock: Sending successful login response
Auth API response: http://localhost:8001/api/v1/auth/login [33m200[39m
Test: Waiting for redirect to home page
Test: Checking auth token storage
Response body: {"access_token":"mock-jwt-token-1755269185429","token_type":"bearer"}
Test: Auth token retrieved: YES
Test: Verifying successful redirect to home page
Test: Login test completed successfully
]]>
</system-out>
</testcase>
</testsuite>
<testsuite name="battle.spec.ts" timestamp="2025-08-15T14:46:20.568Z" hostname="chromium" tests="1" failures="0" skipped="0" time="6.067" errors="0">
<testcase name="Battle System › Skip battle functionality" classname="battle.spec.ts" time="6.067">
<system-out>
<![CDATA[API Request: GET http://localhost:8001/api/v1/battles/?page=1&page_size=20
Mock: Intercepting battles list request: http://localhost:8001/api/v1/battles/?page=1&page_size=20
API Request: GET http://localhost:8001/api/v1/battles/?page=1&page_size=20
Mock: Intercepting battles list request: http://localhost:8001/api/v1/battles/?page=1&page_size=20
API Response: [33m200[39m http://localhost:8001/api/v1/battles/?page=1&page_size=20
API Response: [33m200[39m http://localhost:8001/api/v1/battles/?page=1&page_size=20
API Request: GET http://localhost:8001/api/v1/battles/random
Mock: Intercepting battle random request
API Response: [33m200[39m http://localhost:8001/api/v1/battles/random
Model names retrieved: "Model A" vs "Model B"
API Request: GET http://localhost:8001/api/v1/battles/random
Mock: Intercepting battle random request
API Response: [33m200[39m http://localhost:8001/api/v1/battles/random
API Request: GET http://localhost:8001/api/v1/artworks/
API Request: GET http://localhost:8001/api/v1/models/
API Response: [33m200[39m http://localhost:8001/api/v1/models/
Model names retrieved: "Model A" vs "Model B"
]]>
</system-out>
</testcase>
</testsuite>
<testsuite name="evaluation.spec.ts" timestamp="2025-08-15T14:46:20.568Z" hostname="chromium" tests="1" failures="0" skipped="0" time="7.562" errors="0">
<testcase name="Evaluation System › Create new evaluation task successfully" classname="evaluation.spec.ts" time="7.562">
<system-out>
<![CDATA[API Request: GET http://localhost:8001/api/v1/evaluations/?skip=0&limit=10
API Request: GET http://localhost:8001/api/v1/evaluations/?skip=0&limit=10
API Request: GET http://localhost:8001/api/v1/models/?is_active=true
Mock: Intercepting models request: http://localhost:8001/api/v1/models/?is_active=true
API Request: GET http://localhost:8001/api/v1/models/?is_active=true
Mock: Intercepting models request: http://localhost:8001/api/v1/models/?is_active=true
API Response: [33m200[39m http://localhost:8001/api/v1/models/?is_active=true
API Response: [33m200[39m http://localhost:8001/api/v1/models/?is_active=true
API Request: GET http://localhost:8001/api/v1/artworks/
API Request: GET http://localhost:8001/api/v1/models/
Mock: Intercepting models request: http://localhost:8001/api/v1/models/
API Response: [33m200[39m http://localhost:8001/api/v1/models/
Found 3 model options
API Request: POST http://localhost:8001/api/v1/evaluations/
]]>
</system-out>
</testcase>
</testsuite>
</testsuites>