<testsuites id="" name="" tests="1" failures="1" skipped="0" errors="0" time="44.931455">
<testsuite name="vulca.spec.ts" timestamp="2025-09-05T15:08:36.262Z" hostname="chromium" tests="1" failures="1" skipped="0" time="33.51" errors="0">
<testcase name="VULCA Integration Tests › should load VULCA page successfully" classname="vulca.spec.ts" time="33.51">
<failure message="vulca.spec.ts:27:3 should load VULCA page successfully" type="FAILURE">
<![CDATA[  [chromium] › vulca.spec.ts:27:3 › VULCA Integration Tests › should load VULCA page successfully ──

    TimeoutError: page.waitForSelector: Timeout 10000ms exceeded.
    Call log:
      - waiting for locator('h1:has-text("VULCA")') to be visible


       9 |     
      10 |     // Wait specifically for VULCA content to appear since it's lazy loaded
    > 11 |     await page.waitForSelector('h1:has-text("VULCA")', { 
         |                ^
      12 |       timeout: 10000,
      13 |       state: 'visible' 
      14 |     });
        at I:\website\wenxin-moyun\tests\e2e\specs\vulca.spec.ts:11:16

    attachment #1: screenshot (image/png) ──────────────────────────────────────────────────────────
    ..\..\..\test-results\vulca-VULCA-Integration-Te-74e87-oad-VULCA-page-successfully-chromium\test-failed-1.png
    ────────────────────────────────────────────────────────────────────────────────────────────────

    attachment #2: video (video/webm) ──────────────────────────────────────────────────────────────
    ..\..\..\test-results\vulca-VULCA-Integration-Te-74e87-oad-VULCA-page-successfully-chromium\video.webm
    ────────────────────────────────────────────────────────────────────────────────────────────────

    Error Context: ..\..\..\test-results\vulca-VULCA-Integration-Te-74e87-oad-VULCA-page-successfully-chromium\error-context.md

    attachment #4: trace (application/zip) ─────────────────────────────────────────────────────────
    ..\..\..\test-results\vulca-VULCA-Integration-Te-74e87-oad-VULCA-page-successfully-chromium\trace.zip
    Usage:

        npx playwright show-trace ..\..\..\test-results\vulca-VULCA-Integration-Te-74e87-oad-VULCA-page-successfully-chromium\trace.zip

    ────────────────────────────────────────────────────────────────────────────────────────────────

    Retry #1 ───────────────────────────────────────────────────────────────────────────────────────

    TimeoutError: page.waitForSelector: Timeout 10000ms exceeded.
    Call log:
      - waiting for locator('h1:has-text("VULCA")') to be visible


       9 |     
      10 |     // Wait specifically for VULCA content to appear since it's lazy loaded
    > 11 |     await page.waitForSelector('h1:has-text("VULCA")', { 
         |                ^
      12 |       timeout: 10000,
      13 |       state: 'visible' 
      14 |     });
        at I:\website\wenxin-moyun\tests\e2e\specs\vulca.spec.ts:11:16

    attachment #1: screenshot (image/png) ──────────────────────────────────────────────────────────
    ..\..\..\test-results\vulca-VULCA-Integration-Te-74e87-oad-VULCA-page-successfully-chromium-retry1\test-failed-1.png
    ────────────────────────────────────────────────────────────────────────────────────────────────

    attachment #2: video (video/webm) ──────────────────────────────────────────────────────────────
    ..\..\..\test-results\vulca-VULCA-Integration-Te-74e87-oad-VULCA-page-successfully-chromium-retry1\video.webm
    ────────────────────────────────────────────────────────────────────────────────────────────────

    Error Context: ..\..\..\test-results\vulca-VULCA-Integration-Te-74e87-oad-VULCA-page-successfully-chromium-retry1\error-context.md

    attachment #4: trace (application/zip) ─────────────────────────────────────────────────────────
    ..\..\..\test-results\vulca-VULCA-Integration-Te-74e87-oad-VULCA-page-successfully-chromium-retry1\trace.zip
    Usage:

        npx playwright show-trace ..\..\..\test-results\vulca-VULCA-Integration-Te-74e87-oad-VULCA-page-successfully-chromium-retry1\trace.zip

    ────────────────────────────────────────────────────────────────────────────────────────────────
]]>
</failure>
<system-out>
<![CDATA[
[[ATTACHMENT|..\..\test-results\vulca-VULCA-Integration-Te-74e87-oad-VULCA-page-successfully-chromium\test-failed-1.png]]

[[ATTACHMENT|..\..\test-results\vulca-VULCA-Integration-Te-74e87-oad-VULCA-page-successfully-chromium\video.webm]]

[[ATTACHMENT|..\..\test-results\vulca-VULCA-Integration-Te-74e87-oad-VULCA-page-successfully-chromium\error-context.md]]

[[ATTACHMENT|..\..\test-results\vulca-VULCA-Integration-Te-74e87-oad-VULCA-page-successfully-chromium\trace.zip]]

[[ATTACHMENT|..\..\test-results\vulca-VULCA-Integration-Te-74e87-oad-VULCA-page-successfully-chromium-retry1\test-failed-1.png]]

[[ATTACHMENT|..\..\test-results\vulca-VULCA-Integration-Te-74e87-oad-VULCA-page-successfully-chromium-retry1\video.webm]]

[[ATTACHMENT|..\..\test-results\vulca-VULCA-Integration-Te-74e87-oad-VULCA-page-successfully-chromium-retry1\error-context.md]]

[[ATTACHMENT|..\..\test-results\vulca-VULCA-Integration-Te-74e87-oad-VULCA-page-successfully-chromium-retry1\trace.zip]]
]]>
</system-out>
</testcase>
</testsuite>
</testsuites>