<testsuites id="" name="" tests="6" failures="2" skipped="1" errors="0" time="3596.9406639999997">
<testsuite name="auth-fixed.spec.ts" timestamp="2025-08-18T09:59:33.819Z" hostname="chromium" tests="6" failures="2" skipped="1" time="3589.307" errors="0">
<testcase name="Authentication Flow › User can successfully login with valid credentials" classname="auth-fixed.spec.ts" time="3008.877">
</testcase>
<testcase name="Authentication Flow › Guest mode allows access without authentication" classname="auth-fixed.spec.ts" time="17.982">
</testcase>
<testcase name="Authentication Flow › Login fails with invalid credentials" classname="auth-fixed.spec.ts" time="230.601">
</testcase>
<testcase name="Authentication Flow › JWT token persists across page refreshes" classname="auth-fixed.spec.ts" time="331.847">
<failure message="auth-fixed.spec.ts:112:3 JWT token persists across page refreshes" type="FAILURE">
<![CDATA[  [chromium] › auth-fixed.spec.ts:112:3 › Authentication Flow › JWT token persists across page refreshes 

    Error: page.goto: Target page, context or browser has been closed
    Call log:
      - navigating to "http://localhost:5173/", waiting until "load"


      39 |     
      40 |     // Clear storage before each test
    > 41 |     await page.goto('/');
         |                ^
      42 |     await page.evaluate(() => {
      43 |       localStorage.clear();
      44 |       sessionStorage.clear();
        at I:\website\wenxin-moyun\tests\e2e\specs\auth-fixed.spec.ts:41:16

    attachment #1: trace (application/zip) ─────────────────────────────────────────────────────────
    ..\..\..\test-results\auth-fixed-Authentication--2922b-sists-across-page-refreshes-chromium\trace.zip
    Usage:

        npx playwright show-trace ..\..\..\test-results\auth-fixed-Authentication--2922b-sists-across-page-refreshes-chromium\trace.zip

    ────────────────────────────────────────────────────────────────────────────────────────────────
]]>
</failure>
<system-out>
<![CDATA[
[[ATTACHMENT|..\..\test-results\auth-fixed-Authentication--2922b-sists-across-page-refreshes-chromium\trace.zip]]
]]>
</system-out>
</testcase>
<testcase name="Authentication Flow › Logout functionality clears authentication" classname="auth-fixed.spec.ts" time="0">
<failure message="auth-fixed.spec.ts:132:3 Logout functionality clears authentication" type="FAILURE">
<![CDATA[  [chromium] › auth-fixed.spec.ts:132:3 › Authentication Flow › Logout functionality clears authentication 

    Error: worker process exited unexpectedly (code=3221225794, signal=null)
]]>
</failure>
</testcase>
<testcase name="Authentication Flow › Admin user has access to admin features" classname="auth-fixed.spec.ts" time="0">
<skipped>
</skipped>
</testcase>
</testsuite>
</testsuites>